<?xml version="1.0" encoding="UTF-8" ?>
<testsuite tests="4" failures="0" name="com.tech.example.AddTest" time="0.428" errors="0" skipped="0">
  <properties>
[...]
</properties>
  <testcase classname="com.tech.example.AddTest" name="HelloWord" time="0.003"/>
  <testcase classname="com.tech.example.AddTest" name="genCodeTest" time="0.41"/>
  <testcase classname="com.tech.example.AddTest" name="Ask" time="0.011"/>
  <testcase classname="com.tech.example.AddTest" name="addTwoNumbers2and2" time="0.004"/>
</testsuite>